[20:15:52] [main/INFO]: Loaded 0 recipes
[20:15:52] [Server thread/INFO]: Starting minecraft server version 1.13.2
[20:15:52] [Server thread/INFO]: Loading properties
[20:15:52] [Server thread/INFO]: Default game type: SURVIVAL
[20:15:53] [Server thread/INFO]: This server is running CraftBukkit version git-Spigot-518206a-a5b9c7b (MC: 1.13.2) (Implementing API version 1.13.2-R0.1-SNAPSHOT)
[20:15:53] [Server thread/INFO]: Debug logging is disabled
[20:15:53] [Server thread/INFO]: Server Ping Player Sample Count: 12
[20:15:53] [Server thread/INFO]: Using 4 threads for Netty based IO
[20:15:53] [Server thread/INFO]: Generating keypair
[20:15:53] [Server thread/INFO]: Starting Minecraft server on *:25565
[20:15:53] [Server thread/INFO]: Using default channel type
[20:15:57] [Server thread/INFO]: [WorldEdit] Loading WorldEdit v7.0.0-SNAPSHOT;4271-405bf8d
[20:15:58] [Server thread/INFO]: Got request to register class com.sk89q.worldedit.bukkit.BukkitServerInterface with WorldEdit [com.sk89q.worldedit.extension.platform.PlatformManager@6a743205]
[20:15:58] [Server thread/INFO]: Using com.sk89q.worldedit.bukkit.adapter.impl.Spigot_v1_13_R2_2 as the Bukkit adapter
[20:15:59] [Server thread/INFO]: [Multiverse-Core] Loading Multiverse-Core v2.5.0-b727
[20:15:59] [Server thread/INFO]: **** Beginning UUID conversion, this may take A LONG time ****
[20:15:59] [Server thread/INFO]: Preparing level "world"
[20:15:59] [Server thread/INFO]: Reloading ResourceManager: Default, bukkit
[20:16:00] [Server thread/INFO]: Loaded 524 recipes
[20:16:02] [Server thread/INFO]: -------- World Settings For [world] --------
[20:16:02] [Server thread/INFO]: Nerfing mobs spawned from spawners: false
[20:16:02] [Server thread/INFO]: Experience Merge Radius: 3.0
[20:16:02] [Server thread/INFO]: Cactus Growth Modifier: 100%
[20:16:02] [Server thread/INFO]: Cane Growth Modifier: 100%
[20:16:02] [Server thread/INFO]: Melon Growth Modifier: 100%
[20:16:02] [Server thread/INFO]: Mushroom Growth Modifier: 100%
[20:16:02] [Server thread/INFO]: Pumpkin Growth Modifier: 100%
[20:16:02] [Server thread/INFO]: Sapling Growth Modifier: 100%
[20:16:02] [Server thread/INFO]: Beetroot Growth Modifier: 100%
[20:16:02] [Server thread/INFO]: Carrot Growth Modifier: 100%
[20:16:02] [Server thread/INFO]: Potato Growth Modifier: 100%
[20:16:02] [Server thread/INFO]: Wheat Growth Modifier: 100%
[20:16:02] [Server thread/INFO]: NetherWart Growth Modifier: 100%
[20:16:02] [Server thread/INFO]: Vine Growth Modifier: 100%
[20:16:02] [Server thread/INFO]: Cocoa Growth Modifier: 100%
[20:16:02] [Server thread/INFO]: Mob Spawn Range: 6
[20:16:02] [Server thread/INFO]: Hopper Transfer: 8 Hopper Check: 1 Hopper Amount: 1
[20:16:02] [Server thread/INFO]: Random Lighting Updates: false
[20:16:02] [Server thread/INFO]: Max TNT Explosions: 100
[20:16:02] [Server thread/INFO]: Entity Tracking Range: Pl 48 / An 48 / Mo 48 / Mi 32 / Other 64
[20:16:02] [Server thread/INFO]: Tile Max Tick Time: 50ms Entity max Tick Time: 50ms
[20:16:02] [Server thread/INFO]: Entity Activation Range: An 32 / Mo 32 / Mi 16 / Tiv true
[20:16:02] [Server thread/INFO]: View Distance: 10
[20:16:02] [Server thread/INFO]: Allow Zombie Pigmen to spawn from portal blocks: true
[20:16:02] [Server thread/INFO]: Arrow Despawn Rate: 1200
[20:16:02] [Server thread/INFO]: Item Despawn Rate: 6000
[20:16:02] [Server thread/INFO]: Item Merge Radius: 2.5
[20:16:02] [Server thread/INFO]: Zombie Aggressive Towards Villager: true
[20:16:02] [Server thread/INFO]: Custom Map Seeds:  Village: 10387312 Desert: 14357617 Igloo: 14357618 Jungle: 14357619 Swamp: 14357620 Monument: 10387313Ocean: 14357621 Shipwreck: 165745295 Slime: 987234911
[20:16:02] [Server thread/INFO]: -------- World Settings For [world_nether] --------
[20:16:02] [Server thread/INFO]: Nerfing mobs spawned from spawners: false
[20:16:02] [Server thread/INFO]: Experience Merge Radius: 3.0
[20:16:02] [Server thread/INFO]: Cactus Growth Modifier: 100%
[20:16:02] [Server thread/INFO]: Cane Growth Modifier: 100%
[20:16:02] [Server thread/INFO]: Melon Growth Modifier: 100%
[20:16:02] [Server thread/INFO]: Mushroom Growth Modifier: 100%
[20:16:02] [Server thread/INFO]: Pumpkin Growth Modifier: 100%
[20:16:02] [Server thread/INFO]: Sapling Growth Modifier: 100%
[20:16:02] [Server thread/INFO]: Beetroot Growth Modifier: 100%
[20:16:02] [Server thread/INFO]: Carrot Growth Modifier: 100%
[20:16:02] [Server thread/INFO]: Potato Growth Modifier: 100%
[20:16:02] [Server thread/INFO]: Wheat Growth Modifier: 100%
[20:16:02] [Server thread/INFO]: NetherWart Growth Modifier: 100%
[20:16:02] [Server thread/INFO]: Vine Growth Modifier: 100%
[20:16:02] [Server thread/INFO]: Cocoa Growth Modifier: 100%
[20:16:02] [Server thread/INFO]: Mob Spawn Range: 6
[20:16:02] [Server thread/INFO]: Hopper Transfer: 8 Hopper Check: 1 Hopper Amount: 1
[20:16:02] [Server thread/INFO]: Random Lighting Updates: false
[20:16:02] [Server thread/INFO]: Max TNT Explosions: 100
[20:16:02] [Server thread/INFO]: Entity Tracking Range: Pl 48 / An 48 / Mo 48 / Mi 32 / Other 64
[20:16:02] [Server thread/INFO]: Tile Max Tick Time: 50ms Entity max Tick Time: 50ms
[20:16:02] [Server thread/INFO]: Entity Activation Range: An 32 / Mo 32 / Mi 16 / Tiv true
[20:16:02] [Server thread/INFO]: View Distance: 10
[20:16:02] [Server thread/INFO]: Allow Zombie Pigmen to spawn from portal blocks: true
[20:16:02] [Server thread/INFO]: Arrow Despawn Rate: 1200
[20:16:02] [Server thread/INFO]: Item Despawn Rate: 6000
[20:16:02] [Server thread/INFO]: Item Merge Radius: 2.5
[20:16:02] [Server thread/INFO]: Zombie Aggressive Towards Villager: true
[20:16:02] [Server thread/INFO]: Custom Map Seeds:  Village: 10387312 Desert: 14357617 Igloo: 14357618 Jungle: 14357619 Swamp: 14357620 Monument: 10387313Ocean: 14357621 Shipwreck: 165745295 Slime: 987234911
[20:16:02] [Server thread/INFO]: -------- World Settings For [world_the_end] --------
[20:16:02] [Server thread/INFO]: Nerfing mobs spawned from spawners: false
[20:16:02] [Server thread/INFO]: Experience Merge Radius: 3.0
[20:16:02] [Server thread/INFO]: Cactus Growth Modifier: 100%
[20:16:02] [Server thread/INFO]: Cane Growth Modifier: 100%
[20:16:02] [Server thread/INFO]: Melon Growth Modifier: 100%
[20:16:02] [Server thread/INFO]: Mushroom Growth Modifier: 100%
[20:16:02] [Server thread/INFO]: Pumpkin Growth Modifier: 100%
[20:16:02] [Server thread/INFO]: Sapling Growth Modifier: 100%
[20:16:02] [Server thread/INFO]: Beetroot Growth Modifier: 100%
[20:16:02] [Server thread/INFO]: Carrot Growth Modifier: 100%
[20:16:02] [Server thread/INFO]: Potato Growth Modifier: 100%
[20:16:02] [Server thread/INFO]: Wheat Growth Modifier: 100%
[20:16:02] [Server thread/INFO]: NetherWart Growth Modifier: 100%
[20:16:02] [Server thread/INFO]: Vine Growth Modifier: 100%
[20:16:02] [Server thread/INFO]: Cocoa Growth Modifier: 100%
[20:16:02] [Server thread/INFO]: Mob Spawn Range: 6
[20:16:02] [Server thread/INFO]: Hopper Transfer: 8 Hopper Check: 1 Hopper Amount: 1
[20:16:02] [Server thread/INFO]: Random Lighting Updates: false
[20:16:02] [Server thread/INFO]: Max TNT Explosions: 100
[20:16:02] [Server thread/INFO]: Entity Tracking Range: Pl 48 / An 48 / Mo 48 / Mi 32 / Other 64
[20:16:02] [Server thread/INFO]: Tile Max Tick Time: 50ms Entity max Tick Time: 50ms
[20:16:02] [Server thread/INFO]: Entity Activation Range: An 32 / Mo 32 / Mi 16 / Tiv true
[20:16:02] [Server thread/INFO]: View Distance: 10
[20:16:02] [Server thread/INFO]: Allow Zombie Pigmen to spawn from portal blocks: true
[20:16:02] [Server thread/INFO]: Arrow Despawn Rate: 1200
[20:16:02] [Server thread/INFO]: Item Despawn Rate: 6000
[20:16:02] [Server thread/INFO]: Item Merge Radius: 2.5
[20:16:02] [Server thread/INFO]: Zombie Aggressive Towards Villager: true
[20:16:02] [Server thread/INFO]: Custom Map Seeds:  Village: 10387312 Desert: 14357617 Igloo: 14357618 Jungle: 14357619 Swamp: 14357620 Monument: 10387313Ocean: 14357621 Shipwreck: 165745295 Slime: 987234911
[20:16:02] [Server thread/INFO]: Preparing start region for level minecraft:overworld (Seed: 27594263)
[20:16:02] [Server thread/INFO]: Preparing spawn area: 4%
[20:16:02] [Server thread/INFO]: Preparing spawn area: 8%
[20:16:02] [Server thread/INFO]: Preparing spawn area: 12%
[20:16:02] [Server thread/INFO]: Preparing spawn area: 16%
[20:16:02] [Server thread/INFO]: Preparing spawn area: 20%
[20:16:02] [Server thread/INFO]: Preparing spawn area: 24%
[20:16:02] [Server thread/INFO]: Preparing spawn area: 28%
[20:16:03] [Server thread/INFO]: Preparing spawn area: 32%
[20:16:03] [Server thread/INFO]: Preparing spawn area: 36%
[20:16:03] [Server thread/INFO]: Preparing spawn area: 40%
[20:16:04] [Server thread/INFO]: Preparing spawn area: 44%
[20:16:04] [Server thread/INFO]: Preparing spawn area: 48%
[20:16:04] [Server thread/INFO]: Preparing spawn area: 52%
[20:16:04] [Server thread/INFO]: Preparing spawn area: 56%
[20:16:04] [Server thread/INFO]: Preparing spawn area: 60%
[20:16:04] [Server thread/INFO]: Preparing spawn area: 64%
[20:16:04] [Server thread/INFO]: Preparing spawn area: 68%
[20:16:04] [Server thread/INFO]: Preparing spawn area: 72%
[20:16:04] [Server thread/INFO]: Preparing spawn area: 76%
[20:16:04] [Server thread/INFO]: Preparing spawn area: 80%
[20:16:04] [Server thread/INFO]: Preparing spawn area: 84%
[20:16:04] [Server thread/INFO]: Preparing spawn area: 88%
[20:16:04] [Server thread/INFO]: Preparing spawn area: 92%
[20:16:04] [Server thread/INFO]: Preparing spawn area: 96%
[20:16:04] [Server thread/INFO]: Preparing spawn area: 100%
[20:16:04] [Server thread/INFO]: Preparing start region for level minecraft:the_nether (Seed: 27594263)
[20:16:05] [Server thread/INFO]: Preparing spawn area: 4%
[20:16:05] [Server thread/INFO]: Preparing spawn area: 8%
[20:16:05] [Server thread/INFO]: Preparing spawn area: 12%
[20:16:05] [Server thread/INFO]: Preparing spawn area: 16%
[20:16:05] [Server thread/INFO]: Preparing spawn area: 20%
[20:16:05] [Server thread/INFO]: Preparing spawn area: 24%
[20:16:05] [Server thread/INFO]: Preparing spawn area: 28%
[20:16:05] [Server thread/INFO]: Preparing spawn area: 32%
[20:16:05] [Server thread/INFO]: Preparing spawn area: 36%
[20:16:05] [Server thread/INFO]: Preparing spawn area: 40%
[20:16:05] [Server thread/INFO]: Preparing spawn area: 44%
[20:16:05] [Server thread/INFO]: Preparing spawn area: 48%
[20:16:05] [Server thread/INFO]: Preparing spawn area: 52%
[20:16:05] [Server thread/INFO]: Preparing spawn area: 56%
[20:16:05] [Server thread/INFO]: Preparing spawn area: 60%
[20:16:05] [Server thread/INFO]: Preparing spawn area: 64%
[20:16:05] [Server thread/INFO]: Preparing spawn area: 68%
[20:16:05] [Server thread/INFO]: Preparing spawn area: 72%
[20:16:05] [Server thread/INFO]: Preparing spawn area: 76%
[20:16:05] [Server thread/INFO]: Preparing spawn area: 80%
[20:16:06] [Server thread/INFO]: Preparing spawn area: 84%
[20:16:06] [Server thread/INFO]: Preparing spawn area: 88%
[20:16:06] [Server thread/INFO]: Preparing spawn area: 92%
[20:16:06] [Server thread/INFO]: Preparing spawn area: 96%
[20:16:06] [Server thread/INFO]: Preparing spawn area: 100%
[20:16:06] [Server thread/INFO]: Preparing start region for level minecraft:the_end (Seed: 27594263)
[20:16:06] [Server thread/INFO]: Preparing spawn area: 4%
[20:16:06] [Server thread/INFO]: Preparing spawn area: 8%
[20:16:06] [Server thread/INFO]: Preparing spawn area: 12%
[20:16:06] [Server thread/INFO]: Preparing spawn area: 16%
[20:16:06] [Server thread/INFO]: Preparing spawn area: 20%
[20:16:06] [Server thread/INFO]: Preparing spawn area: 24%
[20:16:06] [Server thread/INFO]: Preparing spawn area: 28%
[20:16:06] [Server thread/INFO]: Preparing spawn area: 32%
[20:16:06] [Server thread/INFO]: Preparing spawn area: 36%
[20:16:06] [Server thread/INFO]: Preparing spawn area: 40%
[20:16:06] [Server thread/INFO]: Preparing spawn area: 44%
[20:16:06] [Server thread/INFO]: Preparing spawn area: 48%
[20:16:06] [Server thread/INFO]: Preparing spawn area: 52%
[20:16:06] [Server thread/INFO]: Preparing spawn area: 56%
[20:16:06] [Server thread/INFO]: Preparing spawn area: 60%
[20:16:06] [Server thread/INFO]: Preparing spawn area: 64%
[20:16:06] [Server thread/INFO]: Preparing spawn area: 68%
[20:16:06] [Server thread/INFO]: Preparing spawn area: 72%
[20:16:06] [Server thread/INFO]: Preparing spawn area: 76%
[20:16:06] [Server thread/INFO]: Preparing spawn area: 80%
[20:16:06] [Server thread/INFO]: Preparing spawn area: 84%
[20:16:06] [Server thread/INFO]: Preparing spawn area: 88%
[20:16:06] [Server thread/INFO]: Preparing spawn area: 92%
[20:16:06] [Server thread/INFO]: Preparing spawn area: 96%
[20:16:06] [Server thread/INFO]: Preparing spawn area: 100%
[20:16:06] [Server thread/INFO]: Time elapsed: 4224 ms
[20:16:06] [Server thread/INFO]: [WorldEdit] Enabling WorldEdit v7.0.0-SNAPSHOT;4271-405bf8d
[20:16:06] [Server thread/WARN]: [WorldEdit] The version of Spigot/Paper you are using doesn't support Tags. The usage of tags with WorldEdit will not work until you update.
[20:16:06] [Server thread/INFO]: WEPIF: Using the Bukkit Permissions API.
[20:16:06] [Server thread/INFO]: Registering commands with com.sk89q.worldedit.bukkit.BukkitServerInterface
[20:16:06] [Server thread/INFO]: [Multiverse-Core] Enabling Multiverse-Core v2.5.0-b727
[20:16:06] [Server thread/WARN]: [Multiverse-Core] WorldManager: Can't load this world because the folder was deleted/moved: world2
[20:16:06] [Server thread/WARN]: [Multiverse-Core] Use '/mv remove' to remove it from the config!
[20:16:06] [Server thread/INFO]: [Multiverse-Core] 3 - World(s) loaded.
[20:16:07] [Server thread/INFO]: [Multiverse-Core] Version 2.5.0-b727 (API v20) Enabled - By Rigby, fernferret, lithium3141, main-- and dumptruckman
[20:16:07] [Server thread/INFO]: Server permissions file permissions.yml is empty, ignoring it
[20:16:07] [Server thread/INFO]: Done (7.963s)! For help, type "help"
[20:16:21] [User Authenticator #1/INFO]: UUID of player Somfic is e2188c1f-e097-4c17-bbb8-34c33844463d
[20:16:22] [Server thread/INFO]: Somfic[/86.83.8.9:55979] logged in with entity id 75 at ([world]8.785060179744882, 97.1090547294065, 48.395079181038625)
[20:16:36] [Server thread/INFO]: Somfic fell from a high place
[20:16:43] [Server thread/INFO]: Somfic issued server command: /gamemode creative
[20:16:43] [Server thread/INFO]: [Somfic: Set own game mode to Creative Mode]
[20:17:19] [Server thread/INFO]: Somfic issued server command: /setworldspawn
[20:17:19] [Server thread/INFO]: [Somfic: Set the world spawn point to -361, 88, -48]
[20:17:29] [Server thread/INFO]: Somfic issued server command: //cyl 5 stone
[20:17:36] [Server thread/INFO]: Somfic issued server command: //cyl stone 5
[20:19:56] [Server thread/INFO]: Somfic issued server command: /setworldspawn
[20:19:56] [Server thread/INFO]: [Somfic: Set the world spawn point to -355, 87, -44]
[20:20:00] [Server thread/INFO]: Somfic issued server command: /mv setspawn
[20:20:11] [Server thread/INFO]: Somfic issued server command: /mv setspawn
[20:23:02] [Server thread/INFO]: Somfic issued server command: /spawn
[20:23:03] [Server thread/INFO]: Somfic issued server command: /spawn
[20:23:06] [Server thread/INFO]: Somfic issued server command: /spawnpoint
[20:23:06] [Server thread/INFO]: [Somfic: Set spawn point to -72, 124, 11 for Somfic]
[20:23:12] [Server thread/INFO]: Somfic issued server command: /kill
[20:23:13] [Server thread/INFO]: Somfic issued server command: /kill Somfic
[20:23:13] [Server thread/INFO]: Somfic fell out of the world
[20:23:13] [Server thread/INFO]: [Somfic: Killed Somfic]
[20:23:39] [Server thread/INFO]: Somfic issued server command: /spawnpoint
[20:23:39] [Server thread/INFO]: [Somfic: Set spawn point to -355, 87, -44 for Somfic]
[20:23:45] [Server thread/INFO]: Somfic issued server command: /kill Somfic
[20:23:45] [Server thread/INFO]: Somfic fell out of the world
[20:23:45] [Server thread/INFO]: [Somfic: Killed Somfic]
[20:24:57] [Server thread/INFO]: Somfic issued server command: /give somfic minecraft:command_block
[20:24:57] [Server thread/INFO]: [Somfic: Gave 1 [Command Block] to Somfic]
[20:25:25] [Server thread/INFO]: Stopping the server
[20:25:25] [Server thread/INFO]: Stopping server
[20:25:25] [Server thread/INFO]: [Multiverse-Core] Disabling Multiverse-Core v2.5.0-b727
[20:25:25] [Server thread/INFO]: [WorldEdit] Disabling WorldEdit v7.0.0-SNAPSHOT;4271-405bf8d
[20:25:25] [Server thread/INFO]: Unregistering com.sk89q.worldedit.bukkit.BukkitServerInterface from WorldEdit
[20:25:25] [Server thread/INFO]: Saving players
[20:25:25] [Server thread/INFO]: Somfic lost connection: Server closed
[20:25:25] [Server thread/INFO]: Somfic left the game
[20:25:25] [Server thread/INFO]: Saving worlds
[20:25:25] [Server thread/INFO]: Saving chunks for level 'world'/minecraft:overworld
[20:25:25] [Server thread/INFO]: Saving chunks for level 'world_nether'/minecraft:the_nether
[20:25:25] [Server thread/INFO]: Saving chunks for level 'world_the_end'/minecraft:the_end
